Build started 15/5/5 上午11:22:45.
     1>Project "C:\visualstudio\NumericLib\NumericLib\NumericLib.vcxproj" on node 2 (Build target(s)).
     1>ClCompile:
         C:\Program Files (x86)\Microsoft Visual Studio 12.0\VC\bin\CL.exe /c /ZI /nologo /W3 /WX- /sdl /Od /Oy- /D _MBCS /Gm /EHsc /RTC1 /MDd /GS /fp:precise /Zc:wchar_t /Zc:forScope /Fo"Debug\\" /Fd"Debug\vc120.pdb" /Gd /TP /analyze- /errorReport:prompt main.cpp
         main.cpp
     1>c:\visualstudio\numericlib\numericlib\matrixcalculate.h(257): warning C4101: 'tmp' : unreferenced local variable
                 c:\visualstudio\numericlib\numericlib\matrixcalculate.h(245) : while compiling class template member function 'void MatrixEquation<double>::getSolution_Jacobi_I(std::initializer_list<T>,T)'
                 with
                 [
                     T=double
                 ]
                 c:\visualstudio\numericlib\numericlib\main.cpp(18) : see reference to function template instantiation 'void MatrixEquation<double>::getSolution_Jacobi_I(std::initializer_list<T>,T)' being compiled
                 with
                 [
                     T=double
                 ]
                 c:\visualstudio\numericlib\numericlib\main.cpp(8) : see reference to class template instantiation 'MatrixEquation<double>' being compiled
       Link:
         C:\Program Files (x86)\Microsoft Visual Studio 12.0\VC\bin\link.exe /ERRORREPORT:PROMPT /OUT:"C:\visualstudio\NumericLib\Debug\NumericLib.exe" /INCREMENTAL /NOLOGO kernel32.lib user32.lib gdi32.lib winspool.lib comdlg32.lib advapi32.lib shell32.lib ole32.lib oleaut32.lib uuid.lib odbc32.lib odbccp32.lib /MANIFEST /MANIFESTUAC:"level='asInvoker' uiAccess='false'" /manifest:embed /DEBUG /PDB:"C:\visualstudio\NumericLib\Debug\NumericLib.pdb" /TLBID:1 /DYNAMICBASE /NXCOMPAT /IMPLIB:"C:\visualstudio\NumericLib\Debug\NumericLib.lib" /MACHINE:X86 Debug\Dichotomy.obj
         Debug\IterativeMethod.obj
         Debug\main.obj
         NumericLib.vcxproj -> C:\visualstudio\NumericLib\Debug\NumericLib.exe
     1>Done Building Project "C:\visualstudio\NumericLib\NumericLib\NumericLib.vcxproj" (Build target(s)).

Build succeeded.

Time Elapsed 00:00:00.96
